Arguments: 
  /Users/omarkhaled/.nvm/versions/node/v16.15.1/bin/node /Users/omarkhaled/.nvm/versions/node/v16.15.1/bin/yarn init

PATH: 
  ./bin:./node_modules/.bin:/Users/omarkhaled/.nvm/versions/node/v16.15.1/bin:/Users/omarkhaled/.rbenv/shims:/Users/omarkhaled/.rbenv/bin:/Users/omarkhaled/.pyenv/bin:/usr/local/bin:/usr/bin:/bin:/usr/sbin:/sbin:/usr/local/mysql/bin:/usr/local/sbin

Yarn version: 
  1.22.19

Node version: 
  16.15.1

Platform: 
  darwin x64

Trace: 
  Error: canceled
      at Interface.<anonymous> (/Users/omarkhaled/.nvm/versions/node/v16.15.1/lib/node_modules/yarn/lib/cli.js:137150:13)
      at Interface.emit (node:events:527:28)
      at Interface._ttyWrite (node:readline:1081:16)
      at ReadStream.onkeypress (node:readline:288:10)
      at ReadStream.emit (node:events:527:28)
      at emitKeys (node:internal/readline/utils:358:14)
      at emitKeys.next (<anonymous>)
      at ReadStream.onData (node:internal/readline/emitKeypressEvents:61:36)
      at ReadStream.emit (node:events:527:28)
      at addChunk (node:internal/streams/readable:315:12)

npm manifest: 
  No manifest

yarn manifest: 
  No manifest

Lockfile: 
  No lockfile
